# JRE version: OpenJDK Runtime Environment (8.0_152-b01) (build 1.8.0_152-release-1248-b01)
# Java VM: OpenJDK 64-Bit Server VM (25.152-b01 mixed mode windows-amd64 compressed oops)
Heap:
 PSYoungGen      total 204800K, used 43589K [0x00000000e0000000, 0x00000000ee980000, 0x0000000100000000)
  eden space 170496K, 25% used [0x00000000e0000000,0x00000000e2a917f8,0x00000000ea680000)
  from space 34304K, 0% used [0x00000000ec800000,0x00000000ec800000,0x00000000ee980000)
  to   space 28672K, 0% used [0x00000000eaa00000,0x00000000eaa00000,0x00000000ec600000)
 ParOldGen       total 263168K, used 46662K [0x00000000a0000000, 0x00000000b0100000, 0x00000000e0000000)
  object space 263168K, 17% used [0x00000000a0000000,0x00000000a2d91868,0x00000000b0100000)
 Metaspace       used 95682K, capacity 98904K, committed 99008K, reserved 1136640K
  class space    used 11998K, capacity 12687K, committed 12760K, reserved 1048576K
GC Heap History (10 events):
Event: 1140.983 GC heap before
{Heap before GC invocations=24 (full 3):
 PSYoungGen      total 201216K, used 200084K [0x00000000e0000000, 0x00000000ef000000, 0x0000000100000000)
  eden space 181248K, 99% used [0x00000000e0000000,0x00000000eb02c190,0x00000000eb100000)
  from space 19968K, 98% used [0x00000000edc80000,0x00000000eefb8ed8,0x00000000ef000000)
  to   space 31232K, 0% used [0x00000000eb300000,0x00000000eb300000,0x00000000ed180000)
 ParOldGen       total 263168K, used 50344K [0x00000000a0000000, 0x00000000b0100000, 0x00000000e0000000)
  object space 263168K, 19% used [0x00000000a0000000,0x00000000a312a0c8,0x00000000b0100000)
 Metaspace       used 85807K, capacity 88268K, committed 88536K, reserved 1126400K
  class space    used 10804K, capacity 11407K, committed 11480K, reserved 1048576K
Event: 1141.001 GC heap after
Heap after GC invocations=24 (full 3):
 PSYoungGen      total 197632K, used 19957K [0x00000000e0000000, 0x00000000eeb80000, 0x0000000100000000)
  eden space 177664K, 0% used [0x00000000e0000000,0x00000000e0000000,0x00000000ead80000)
  from space 19968K, 99% used [0x00000000eb300000,0x00000000ec67d628,0x00000000ec680000)
  to   space 31744K, 0% used [0x00000000ecc80000,0x00000000ecc80000,0x00000000eeb80000)
 ParOldGen       total 263168K, used 50352K [0x00000000a0000000, 0x00000000b0100000, 0x00000000e0000000)
  object space 263168K, 19% used [0x00000000a0000000,0x00000000a312c0c8,0x00000000b0100000)
 Metaspace       used 85807K, capacity 88268K, committed 88536K, reserved 1126400K
  class space    used 10804K, capacity 11407K, committed 11480K, reserved 1048576K
}
Event: 1143.027 GC heap before
{Heap before GC invocations=25 (full 3):
 PSYoungGen      total 197632K, used 197621K [0x00000000e0000000, 0x00000000eeb80000, 0x0000000100000000)
  eden space 177664K, 100% used [0x00000000e0000000,0x00000000ead80000,0x00000000ead80000)
  from space 19968K, 99% used [0x00000000eb300000,0x00000000ec67d628,0x00000000ec680000)
  to   space 31744K, 0% used [0x00000000ecc80000,0x00000000ecc80000,0x00000000eeb80000)
 ParOldGen       total 263168K, used 50352K [0x00000000a0000000, 0x00000000b0100000, 0x00000000e0000000)
  object space 263168K, 19% used [0x00000000a0000000,0x00000000a312c0c8,0x00000000b0100000)
 Metaspace       used 86354K, capacity 88916K, committed 89048K, reserved 1126400K
  class space    used 10883K, capacity 11473K, committed 11480K, reserved 1048576K
Event: 1143.043 GC heap after
Heap after GC invocations=25 (full 3):
 PSYoungGen      total 201216K, used 18688K [0x00000000e0000000, 0x00000000ee700000, 0x0000000100000000)
  eden space 174080K, 0% used [0x00000000e0000000,0x00000000e0000000,0x00000000eaa00000)
  from space 27136K, 68% used [0x00000000ecc80000,0x00000000edec0150,0x00000000ee700000)
  to   space 31232K, 0% used [0x00000000eaa00000,0x00000000eaa00000,0x00000000ec880000)
 ParOldGen       total 263168K, used 50360K [0x00000000a0000000, 0x00000000b0100000, 0x00000000e0000000)
  object space 263168K, 19% used [0x00000000a0000000,0x00000000a312e0c8,0x00000000b0100000)
 Metaspace       used 86354K, capacity 88916K, committed 89048K, reserved 1126400K
  class space    used 10883K, capacity 11473K, committed 11480K, reserved 1048576K
}
Event: 1152.382 GC heap before
{Heap before GC invocations=26 (full 3):
 PSYoungGen      total 201216K, used 192768K [0x00000000e0000000, 0x00000000ee700000, 0x0000000100000000)
  eden space 174080K, 100% used [0x00000000e0000000,0x00000000eaa00000,0x00000000eaa00000)
  from space 27136K, 68% used [0x00000000ecc80000,0x00000000edec0150,0x00000000ee700000)
  to   space 31232K, 0% used [0x00000000eaa00000,0x00000000eaa00000,0x00000000ec880000)
 ParOldGen       total 263168K, used 50360K [0x00000000a0000000, 0x00000000b0100000, 0x00000000e0000000)
  object space 263168K, 19% used [0x00000000a0000000,0x00000000a312e0c8,0x00000000b0100000)
 Metaspace       used 94596K, capacity 97782K, committed 97880K, reserved 1134592K
  class space    used 11930K, capacity 12612K, committed 12632K, reserved 1048576K
Event: 1152.403 GC heap after
Heap after GC invocations=26 (full 3):
 PSYoungGen      total 199168K, used 28329K [0x00000000e0000000, 0x00000000ee980000, 0x0000000100000000)
  eden space 170496K, 0% used [0x00000000e0000000,0x00000000e0000000,0x00000000ea680000)
  from space 28672K, 98% used [0x00000000eaa00000,0x00000000ec5aa6d8,0x00000000ec600000)
  to   space 34304K, 0% used [0x00000000ec800000,0x00000000ec800000,0x00000000ee980000)
 ParOldGen       total 263168K, used 50368K [0x00000000a0000000, 0x00000000b0100000, 0x00000000e0000000)
  object space 263168K, 19% used [0x00000000a0000000,0x00000000a31300c8,0x00000000b0100000)
 Metaspace       used 94596K, capacity 97782K, committed 97880K, reserved 1134592K
  class space    used 11930K, capacity 12612K, committed 12632K, reserved 1048576K
}
Event: 1152.755 GC heap before
{Heap before GC invocations=27 (full 3):
 PSYoungGen      total 199168K, used 81736K [0x00000000e0000000, 0x00000000ee980000, 0x0000000100000000)
  eden space 170496K, 31% used [0x00000000e0000000,0x00000000e3427bb0,0x00000000ea680000)
  from space 28672K, 98% used [0x00000000eaa00000,0x00000000ec5aa6d8,0x00000000ec600000)
  to   space 34304K, 0% used [0x00000000ec800000,0x00000000ec800000,0x00000000ee980000)
 ParOldGen       total 263168K, used 50368K [0x00000000a0000000, 0x00000000b0100000, 0x00000000e0000000)
  object space 263168K, 19% used [0x00000000a0000000,0x00000000a31300c8,0x00000000b0100000)
 Metaspace       used 95133K, capacity 98366K, committed 98496K, reserved 1134592K
  class space    used 11943K, capacity 12646K, committed 12760K, reserved 1048576K
Event: 1152.801 GC heap after
Heap after GC invocations=27 (full 3):
 PSYoungGen      total 204800K, used 21899K [0x00000000e0000000, 0x00000000ee980000, 0x0000000100000000)
  eden space 170496K, 0% used [0x00000000e0000000,0x00000000e0000000,0x00000000ea680000)
  from space 34304K, 63% used [0x00000000ec800000,0x00000000edd62d18,0x00000000ee980000)
  to   space 28672K, 0% used [0x00000000eaa00000,0x00000000eaa00000,0x00000000ec600000)
 ParOldGen       total 263168K, used 50376K [0x00000000a0000000, 0x00000000b0100000, 0x00000000e0000000)
  object space 263168K, 19% used [0x00000000a0000000,0x00000000a31320c8,0x00000000b0100000)
 Metaspace       used 95133K, capacity 98366K, committed 98496K, reserved 1134592K
  class space    used 11943K, capacity 12646K, committed 12760K, reserved 1048576K
}
Event: 1152.801 GC heap before
{Heap before GC invocations=28 (full 4):
 PSYoungGen      total 204800K, used 21899K [0x00000000e0000000, 0x00000000ee980000, 0x0000000100000000)
  eden space 170496K, 0% used [0x00000000e0000000,0x00000000e0000000,0x00000000ea680000)
  from space 34304K, 63% used [0x00000000ec800000,0x00000000edd62d18,0x00000000ee980000)
  to   space 28672K, 0% used [0x00000000eaa00000,0x00000000eaa00000,0x00000000ec600000)
 ParOldGen       total 263168K, used 50376K [0x00000000a0000000, 0x00000000b0100000, 0x00000000e0000000)
  object space 263168K, 19% used [0x00000000a0000000,0x00000000a31320c8,0x00000000b0100000)
 Metaspace       used 95133K, capacity 98366K, committed 98496K, reserved 1134592K
  class space    used 11943K, capacity 12646K, committed 12760K, reserved 1048576K
Event: 1152.987 GC heap after
Heap after GC invocations=28 (full 4):
 PSYoungGen      total 204800K, used 0K [0x00000000e0000000, 0x00000000ee980000, 0x0000000100000000)
  eden space 170496K, 0% used [0x00000000e0000000,0x00000000e0000000,0x00000000ea680000)
  from space 34304K, 0% used [0x00000000ec800000,0x00000000ec800000,0x00000000ee980000)
  to   space 28672K, 0% used [0x00000000eaa00000,0x00000000eaa00000,0x00000000ec600000)
 ParOldGen       total 263168K, used 46662K [0x00000000a0000000, 0x00000000b0100000, 0x00000000e0000000)
  object space 263168K, 17% used [0x00000000a0000000,0x00000000a2d91868,0x00000000b0100000)
 Metaspace       used 95038K, capacity 98122K, committed 98496K, reserved 1134592K
  class space    used 11910K, capacity 12588K, committed 12760K, reserved 1048576K
}

